#-----------------------------------------------------------
# Vivado v2019.1 (64-bit)
# SW Build 2552052 on Fri May 24 14:49:42 MDT 2019
# IP Build 2548770 on Fri May 24 18:01:18 MDT 2019
# Start of session at: Tue Feb  9 18:49:35 2021
# Process ID: 1200
# Current directory: C:/Users/Maede/Desktop/FPGA_Final_project_Ghassab_Alizadeh/section2_fpga_final_ptoject/average_edge_filter
# Command line: vivado.exe -gui_launcher_event rodinguilauncherevent5468 C:\Users\Maede\Desktop\FPGA_Final_project_Ghassab_Alizadeh\section2_fpga_final_ptoject\average_edge_filter\average_edge_filter.xpr
# Log file: C:/Users/Maede/Desktop/FPGA_Final_project_Ghassab_Alizadeh/section2_fpga_final_ptoject/average_edge_filter/vivado.log
# Journal file: C:/Users/Maede/Desktop/FPGA_Final_project_Ghassab_Alizadeh/section2_fpga_final_ptoject/average_edge_filter\vivado.jou
#-----------------------------------------------------------
start_gui
open_project C:/Users/Maede/Desktop/FPGA_Final_project_Ghassab_Alizadeh/section2_fpga_final_ptoject/average_edge_filter/average_edge_filter.xpr
INFO: [ProjectBase 1-489] The host OS only allows 260 characters in a normal path. The project is stored in a path with more than 80 characters. If you experience issues with IP, Block Designs, or files not being found, please consider moving the project to a location with a shorter path. Alternately consider using the OS subst command to map part of the path to a drive letter.
Current project path is 'C:/Users/Maede/Desktop/FPGA_Final_project_Ghassab_Alizadeh/section2_fpga_final_ptoject/average_edge_filter'
Scanning sources...
Finished scanning sources
INFO: [IP_Flow 19-234] Refreshing IP repositories
INFO: [IP_Flow 19-1704] No user IP repositories specified
INFO: [IP_Flow 19-2313] Loaded Vivado IP repository 'C:/Xilinx/Vivado/2019.1/data/ip'.
open_project: Time (s): cpu = 00:00:16 ; elapsed = 00:00:21 . Memory (MB): peak = 774.938 ; gain = 178.930
update_compile_order -fileset sources_1
launch_simulation
INFO: [Vivado 12-5682] Launching behavioral simulation in 'C:/Users/Maede/Desktop/FPGA_Final_project_Ghassab_Alizadeh/section2_fpga_final_ptoject/average_edge_filter/average_edge_filter.sim/sim_1/behav/xsim'
INFO: [SIM-utils-51] Simulation object is 'sim_1'
INFO: [SIM-utils-54] Inspecting design source files for 'average_tb' in fileset 'sim_1'...
INFO: [USF-XSim-97] Finding global include files...
INFO: [USF-XSim-98] Fetching design files from 'sim_1'...
INFO: [USF-XSim-2] XSim::Compile design
INFO: [USF-XSim-61] Executing 'COMPILE and ANALYZE' step in 'C:/Users/Maede/Desktop/FPGA_Final_project_Ghassab_Alizadeh/section2_fpga_final_ptoject/average_edge_filter/average_edge_filter.sim/sim_1/behav/xsim'
"xvhdl --incr --relax -prj average_tb_vhdl.prj"
INFO: [VRFC 10-163] Analyzing VHDL file "C:/Users/Maede/Desktop/FPGA_Final_project_Ghassab_Alizadeh/section2_fpga_final_ptoject/average_edge_filter/average_edge_filter.srcs/sources_1/new/average.vhd" into library xil_defaultlib
INFO: [VRFC 10-3107] analyzing entity 'average'
INFO: [VRFC 10-163] Analyzing VHDL file "C:/Users/Maede/Desktop/FPGA_Final_project_Ghassab_Alizadeh/section2_fpga_final_ptoject/average_edge_filter/average_edge_filter.srcs/sources_1/new/edge.vhd" into library xil_defaultlib
INFO: [VRFC 10-3107] analyzing entity 'edge'
INFO: [VRFC 10-163] Analyzing VHDL file "C:/Users/Maede/Desktop/FPGA_Final_project_Ghassab_Alizadeh/section2_fpga_final_ptoject/average_edge_filter/average_edge_filter.srcs/sim_1/new/average_tb.vhd" into library xil_defaultlib
INFO: [VRFC 10-3107] analyzing entity 'average_tb'
INFO: [USF-XSim-69] 'compile' step finished in '3' seconds
INFO: [USF-XSim-3] XSim::Elaborate design
INFO: [USF-XSim-61] Executing 'ELABORATE' step in 'C:/Users/Maede/Desktop/FPGA_Final_project_Ghassab_Alizadeh/section2_fpga_final_ptoject/average_edge_filter/average_edge_filter.sim/sim_1/behav/xsim'
"xelab -wto 223456fa4ee24502b0ffd40e92bf9819 --incr --debug typical --relax --mt 2 -L xil_defaultlib -L secureip --snapshot average_tb_behav xil_defaultlib.average_tb -log elaborate.log"
Vivado Simulator 2019.1
Copyright 1986-1999, 2001-2019 Xilinx, Inc. All Rights Reserved.
Running: C:/Xilinx/Vivado/2019.1/bin/unwrapped/win64.o/xelab.exe -wto 223456fa4ee24502b0ffd40e92bf9819 --incr --debug typical --relax --mt 2 -L xil_defaultlib -L secureip --snapshot average_tb_behav xil_defaultlib.average_tb -log elaborate.log 
Using 2 slave threads.
Starting static elaboration
WARNING: [VRFC 10-3813] value in initialization depends on signal 'in_ram' [C:/Users/Maede/Desktop/FPGA_Final_project_Ghassab_Alizadeh/section2_fpga_final_ptoject/average_edge_filter/average_edge_filter.srcs/sources_1/new/edge.vhd:29]
WARNING: [VRFC 10-3813] value in initialization depends on signal 'in_ram' [C:/Users/Maede/Desktop/FPGA_Final_project_Ghassab_Alizadeh/section2_fpga_final_ptoject/average_edge_filter/average_edge_filter.srcs/sources_1/new/edge.vhd:30]
WARNING: [VRFC 10-3813] value in initialization depends on signal 'in_ram' [C:/Users/Maede/Desktop/FPGA_Final_project_Ghassab_Alizadeh/section2_fpga_final_ptoject/average_edge_filter/average_edge_filter.srcs/sources_1/new/edge.vhd:31]
WARNING: [VRFC 10-3813] value in initialization depends on signal 'in_ram' [C:/Users/Maede/Desktop/FPGA_Final_project_Ghassab_Alizadeh/section2_fpga_final_ptoject/average_edge_filter/average_edge_filter.srcs/sources_1/new/edge.vhd:32]
WARNING: [VRFC 10-3813] value in initialization depends on signal 'in_ram' [C:/Users/Maede/Desktop/FPGA_Final_project_Ghassab_Alizadeh/section2_fpga_final_ptoject/average_edge_filter/average_edge_filter.srcs/sources_1/new/edge.vhd:33]
WARNING: [VRFC 10-3813] value in initialization depends on signal 'in_ram' [C:/Users/Maede/Desktop/FPGA_Final_project_Ghassab_Alizadeh/section2_fpga_final_ptoject/average_edge_filter/average_edge_filter.srcs/sources_1/new/edge.vhd:34]
WARNING: [VRFC 10-3813] value in initialization depends on signal 'in_ram' [C:/Users/Maede/Desktop/FPGA_Final_project_Ghassab_Alizadeh/section2_fpga_final_ptoject/average_edge_filter/average_edge_filter.srcs/sources_1/new/edge.vhd:35]
WARNING: [VRFC 10-3813] value in initialization depends on signal 'in_ram' [C:/Users/Maede/Desktop/FPGA_Final_project_Ghassab_Alizadeh/section2_fpga_final_ptoject/average_edge_filter/average_edge_filter.srcs/sources_1/new/edge.vhd:36]
WARNING: [VRFC 10-3813] value in initialization depends on signal 'in_ram' [C:/Users/Maede/Desktop/FPGA_Final_project_Ghassab_Alizadeh/section2_fpga_final_ptoject/average_edge_filter/average_edge_filter.srcs/sources_1/new/edge.vhd:37]
Completed static elaboration
Starting simulation data flow analysis
Completed simulation data flow analysis
Time Resolution for simulation is 1ps
Compiling package std.standard
Compiling package std.textio
Compiling package ieee.std_logic_1164
Compiling package ieee.numeric_std
Compiling architecture average_beh of entity xil_defaultlib.average [average_default]
Compiling architecture edge_beh of entity xil_defaultlib.edge [edge_default]
Compiling architecture average_tb_beh of entity xil_defaultlib.average_tb
Built simulation snapshot average_tb_behav
run_program: Time (s): cpu = 00:00:01 ; elapsed = 00:00:06 . Memory (MB): peak = 794.563 ; gain = 0.000
INFO: [USF-XSim-69] 'elaborate' step finished in '6' seconds
INFO: [USF-XSim-4] XSim::Simulate design
INFO: [USF-XSim-61] Executing 'SIMULATE' step in 'C:/Users/Maede/Desktop/FPGA_Final_project_Ghassab_Alizadeh/section2_fpga_final_ptoject/average_edge_filter/average_edge_filter.sim/sim_1/behav/xsim'
INFO: [USF-XSim-98] *** Running xsim
   with args "average_tb_behav -key {Behavioral:sim_1:Functional:average_tb} -tclbatch {average_tb.tcl} -view {C:/Users/Maede/Desktop/FPGA_Final_project_Ghassab_Alizadeh/section2_fpga_final_ptoject/average_edge_filter/average_tb_behav.wcfg} -log {simulate.log}"
INFO: [USF-XSim-8] Loading simulator feature
Vivado Simulator 2019.1
Time resolution is 1 ps
open_wave_config C:/Users/Maede/Desktop/FPGA_Final_project_Ghassab_Alizadeh/section2_fpga_final_ptoject/average_edge_filter/average_tb_behav.wcfg
source average_tb.tcl
# set curr_wave [current_wave_config]
# if { [string length $curr_wave] == 0 } {
#   if { [llength [get_objects]] > 0} {
#     add_wave /
#     set_property needs_save false [current_wave_config]
#   } else {
#      send_msg_id Add_Wave-1 WARNING "No top level signals found. Simulator will start without a wave window. If you want to open a wave window go to 'File->New Waveform Configuration' or type 'create_wave_config' in the TCL console."
#   }
# }
# run 1000ns
xsim: Time (s): cpu = 00:00:09 ; elapsed = 00:00:08 . Memory (MB): peak = 815.359 ; gain = 4.125
INFO: [USF-XSim-96] XSim completed. Design snapshot 'average_tb_behav' loaded.
INFO: [USF-XSim-97] XSim simulation ran for 1000ns
launch_simulation: Time (s): cpu = 00:00:13 ; elapsed = 00:00:19 . Memory (MB): peak = 815.359 ; gain = 20.797
close_sim
INFO: [Simtcl 6-16] Simulation closed
launch_simulation
INFO: [Vivado 12-5682] Launching behavioral simulation in 'C:/Users/Maede/Desktop/FPGA_Final_project_Ghassab_Alizadeh/section2_fpga_final_ptoject/average_edge_filter/average_edge_filter.sim/sim_1/behav/xsim'
INFO: [SIM-utils-51] Simulation object is 'sim_1'
INFO: [SIM-utils-54] Inspecting design source files for 'average_tb' in fileset 'sim_1'...
INFO: [USF-XSim-97] Finding global include files...
INFO: [USF-XSim-98] Fetching design files from 'sim_1'...
INFO: [USF-XSim-2] XSim::Compile design
INFO: [USF-XSim-61] Executing 'COMPILE and ANALYZE' step in 'C:/Users/Maede/Desktop/FPGA_Final_project_Ghassab_Alizadeh/section2_fpga_final_ptoject/average_edge_filter/average_edge_filter.sim/sim_1/behav/xsim'
"xvhdl --incr --relax -prj average_tb_vhdl.prj"
INFO: [VRFC 10-163] Analyzing VHDL file "C:/Users/Maede/Desktop/FPGA_Final_project_Ghassab_Alizadeh/section2_fpga_final_ptoject/average_edge_filter/average_edge_filter.srcs/sim_1/new/average_tb.vhd" into library xil_defaultlib
INFO: [VRFC 10-3107] analyzing entity 'average_tb'
INFO: [USF-XSim-69] 'compile' step finished in '1' seconds
INFO: [USF-XSim-3] XSim::Elaborate design
INFO: [USF-XSim-61] Executing 'ELABORATE' step in 'C:/Users/Maede/Desktop/FPGA_Final_project_Ghassab_Alizadeh/section2_fpga_final_ptoject/average_edge_filter/average_edge_filter.sim/sim_1/behav/xsim'
"xelab -wto 223456fa4ee24502b0ffd40e92bf9819 --incr --debug typical --relax --mt 2 -L xil_defaultlib -L secureip --snapshot average_tb_behav xil_defaultlib.average_tb -log elaborate.log"
Vivado Simulator 2019.1
Copyright 1986-1999, 2001-2019 Xilinx, Inc. All Rights Reserved.
Running: C:/Xilinx/Vivado/2019.1/bin/unwrapped/win64.o/xelab.exe -wto 223456fa4ee24502b0ffd40e92bf9819 --incr --debug typical --relax --mt 2 -L xil_defaultlib -L secureip --snapshot average_tb_behav xil_defaultlib.average_tb -log elaborate.log 
Using 2 slave threads.
Starting static elaboration
WARNING: [VRFC 10-3813] value in initialization depends on signal 'in_ram' [C:/Users/Maede/Desktop/FPGA_Final_project_Ghassab_Alizadeh/section2_fpga_final_ptoject/average_edge_filter/average_edge_filter.srcs/sources_1/new/edge.vhd:29]
WARNING: [VRFC 10-3813] value in initialization depends on signal 'in_ram' [C:/Users/Maede/Desktop/FPGA_Final_project_Ghassab_Alizadeh/section2_fpga_final_ptoject/average_edge_filter/average_edge_filter.srcs/sources_1/new/edge.vhd:30]
WARNING: [VRFC 10-3813] value in initialization depends on signal 'in_ram' [C:/Users/Maede/Desktop/FPGA_Final_project_Ghassab_Alizadeh/section2_fpga_final_ptoject/average_edge_filter/average_edge_filter.srcs/sources_1/new/edge.vhd:31]
WARNING: [VRFC 10-3813] value in initialization depends on signal 'in_ram' [C:/Users/Maede/Desktop/FPGA_Final_project_Ghassab_Alizadeh/section2_fpga_final_ptoject/average_edge_filter/average_edge_filter.srcs/sources_1/new/edge.vhd:32]
WARNING: [VRFC 10-3813] value in initialization depends on signal 'in_ram' [C:/Users/Maede/Desktop/FPGA_Final_project_Ghassab_Alizadeh/section2_fpga_final_ptoject/average_edge_filter/average_edge_filter.srcs/sources_1/new/edge.vhd:33]
WARNING: [VRFC 10-3813] value in initialization depends on signal 'in_ram' [C:/Users/Maede/Desktop/FPGA_Final_project_Ghassab_Alizadeh/section2_fpga_final_ptoject/average_edge_filter/average_edge_filter.srcs/sources_1/new/edge.vhd:34]
WARNING: [VRFC 10-3813] value in initialization depends on signal 'in_ram' [C:/Users/Maede/Desktop/FPGA_Final_project_Ghassab_Alizadeh/section2_fpga_final_ptoject/average_edge_filter/average_edge_filter.srcs/sources_1/new/edge.vhd:35]
WARNING: [VRFC 10-3813] value in initialization depends on signal 'in_ram' [C:/Users/Maede/Desktop/FPGA_Final_project_Ghassab_Alizadeh/section2_fpga_final_ptoject/average_edge_filter/average_edge_filter.srcs/sources_1/new/edge.vhd:36]
WARNING: [VRFC 10-3813] value in initialization depends on signal 'in_ram' [C:/Users/Maede/Desktop/FPGA_Final_project_Ghassab_Alizadeh/section2_fpga_final_ptoject/average_edge_filter/average_edge_filter.srcs/sources_1/new/edge.vhd:37]
Completed static elaboration
Starting simulation data flow analysis
Completed simulation data flow analysis
Time Resolution for simulation is 1ps
Compiling package std.standard
Compiling package std.textio
Compiling package ieee.std_logic_1164
Compiling package ieee.numeric_std
Compiling architecture average_beh of entity xil_defaultlib.average [average_default]
Compiling architecture edge_beh of entity xil_defaultlib.edge [edge_default]
Compiling architecture average_tb_beh of entity xil_defaultlib.average_tb
Built simulation snapshot average_tb_behav
INFO: [USF-XSim-69] 'elaborate' step finished in '3' seconds
INFO: [USF-XSim-4] XSim::Simulate design
INFO: [USF-XSim-61] Executing 'SIMULATE' step in 'C:/Users/Maede/Desktop/FPGA_Final_project_Ghassab_Alizadeh/section2_fpga_final_ptoject/average_edge_filter/average_edge_filter.sim/sim_1/behav/xsim'
INFO: [USF-XSim-98] *** Running xsim
   with args "average_tb_behav -key {Behavioral:sim_1:Functional:average_tb} -tclbatch {average_tb.tcl} -view {C:/Users/Maede/Desktop/FPGA_Final_project_Ghassab_Alizadeh/section2_fpga_final_ptoject/average_edge_filter/average_tb_behav.wcfg} -log {simulate.log}"
INFO: [USF-XSim-8] Loading simulator feature
Vivado Simulator 2019.1
Time resolution is 1 ps
open_wave_config C:/Users/Maede/Desktop/FPGA_Final_project_Ghassab_Alizadeh/section2_fpga_final_ptoject/average_edge_filter/average_tb_behav.wcfg
source average_tb.tcl
# set curr_wave [current_wave_config]
# if { [string length $curr_wave] == 0 } {
#   if { [llength [get_objects]] > 0} {
#     add_wave /
#     set_property needs_save false [current_wave_config]
#   } else {
#      send_msg_id Add_Wave-1 WARNING "No top level signals found. Simulator will start without a wave window. If you want to open a wave window go to 'File->New Waveform Configuration' or type 'create_wave_config' in the TCL console."
#   }
# }
# run 1000ns
INFO: [USF-XSim-96] XSim completed. Design snapshot 'average_tb_behav' loaded.
INFO: [USF-XSim-97] XSim simulation ran for 1000ns
launch_simulation: Time (s): cpu = 00:00:06 ; elapsed = 00:00:08 . Memory (MB): peak = 866.344 ; gain = 0.000
close_sim
INFO: [Simtcl 6-16] Simulation closed
launch_simulation
INFO: [Vivado 12-5682] Launching behavioral simulation in 'C:/Users/Maede/Desktop/FPGA_Final_project_Ghassab_Alizadeh/section2_fpga_final_ptoject/average_edge_filter/average_edge_filter.sim/sim_1/behav/xsim'
INFO: [SIM-utils-51] Simulation object is 'sim_1'
INFO: [SIM-utils-54] Inspecting design source files for 'average_tb' in fileset 'sim_1'...
INFO: [USF-XSim-97] Finding global include files...
INFO: [USF-XSim-98] Fetching design files from 'sim_1'...
INFO: [USF-XSim-2] XSim::Compile design
INFO: [USF-XSim-61] Executing 'COMPILE and ANALYZE' step in 'C:/Users/Maede/Desktop/FPGA_Final_project_Ghassab_Alizadeh/section2_fpga_final_ptoject/average_edge_filter/average_edge_filter.sim/sim_1/behav/xsim'
"xvhdl --incr --relax -prj average_tb_vhdl.prj"
INFO: [VRFC 10-163] Analyzing VHDL file "C:/Users/Maede/Desktop/FPGA_Final_project_Ghassab_Alizadeh/section2_fpga_final_ptoject/average_edge_filter/average_edge_filter.srcs/sim_1/new/average_tb.vhd" into library xil_defaultlib
INFO: [VRFC 10-3107] analyzing entity 'average_tb'
INFO: [USF-XSim-69] 'compile' step finished in '2' seconds
INFO: [USF-XSim-3] XSim::Elaborate design
INFO: [USF-XSim-61] Executing 'ELABORATE' step in 'C:/Users/Maede/Desktop/FPGA_Final_project_Ghassab_Alizadeh/section2_fpga_final_ptoject/average_edge_filter/average_edge_filter.sim/sim_1/behav/xsim'
"xelab -wto 223456fa4ee24502b0ffd40e92bf9819 --incr --debug typical --relax --mt 2 -L xil_defaultlib -L secureip --snapshot average_tb_behav xil_defaultlib.average_tb -log elaborate.log"
Vivado Simulator 2019.1
Copyright 1986-1999, 2001-2019 Xilinx, Inc. All Rights Reserved.
Running: C:/Xilinx/Vivado/2019.1/bin/unwrapped/win64.o/xelab.exe -wto 223456fa4ee24502b0ffd40e92bf9819 --incr --debug typical --relax --mt 2 -L xil_defaultlib -L secureip --snapshot average_tb_behav xil_defaultlib.average_tb -log elaborate.log 
Using 2 slave threads.
Starting static elaboration
WARNING: [VRFC 10-3813] value in initialization depends on signal 'in_ram' [C:/Users/Maede/Desktop/FPGA_Final_project_Ghassab_Alizadeh/section2_fpga_final_ptoject/average_edge_filter/average_edge_filter.srcs/sources_1/new/edge.vhd:29]
WARNING: [VRFC 10-3813] value in initialization depends on signal 'in_ram' [C:/Users/Maede/Desktop/FPGA_Final_project_Ghassab_Alizadeh/section2_fpga_final_ptoject/average_edge_filter/average_edge_filter.srcs/sources_1/new/edge.vhd:30]
WARNING: [VRFC 10-3813] value in initialization depends on signal 'in_ram' [C:/Users/Maede/Desktop/FPGA_Final_project_Ghassab_Alizadeh/section2_fpga_final_ptoject/average_edge_filter/average_edge_filter.srcs/sources_1/new/edge.vhd:31]
WARNING: [VRFC 10-3813] value in initialization depends on signal 'in_ram' [C:/Users/Maede/Desktop/FPGA_Final_project_Ghassab_Alizadeh/section2_fpga_final_ptoject/average_edge_filter/average_edge_filter.srcs/sources_1/new/edge.vhd:32]
WARNING: [VRFC 10-3813] value in initialization depends on signal 'in_ram' [C:/Users/Maede/Desktop/FPGA_Final_project_Ghassab_Alizadeh/section2_fpga_final_ptoject/average_edge_filter/average_edge_filter.srcs/sources_1/new/edge.vhd:33]
WARNING: [VRFC 10-3813] value in initialization depends on signal 'in_ram' [C:/Users/Maede/Desktop/FPGA_Final_project_Ghassab_Alizadeh/section2_fpga_final_ptoject/average_edge_filter/average_edge_filter.srcs/sources_1/new/edge.vhd:34]
WARNING: [VRFC 10-3813] value in initialization depends on signal 'in_ram' [C:/Users/Maede/Desktop/FPGA_Final_project_Ghassab_Alizadeh/section2_fpga_final_ptoject/average_edge_filter/average_edge_filter.srcs/sources_1/new/edge.vhd:35]
WARNING: [VRFC 10-3813] value in initialization depends on signal 'in_ram' [C:/Users/Maede/Desktop/FPGA_Final_project_Ghassab_Alizadeh/section2_fpga_final_ptoject/average_edge_filter/average_edge_filter.srcs/sources_1/new/edge.vhd:36]
WARNING: [VRFC 10-3813] value in initialization depends on signal 'in_ram' [C:/Users/Maede/Desktop/FPGA_Final_project_Ghassab_Alizadeh/section2_fpga_final_ptoject/average_edge_filter/average_edge_filter.srcs/sources_1/new/edge.vhd:37]
Completed static elaboration
Starting simulation data flow analysis
Completed simulation data flow analysis
Time Resolution for simulation is 1ps
Compiling package std.standard
Compiling package std.textio
Compiling package ieee.std_logic_1164
Compiling package ieee.numeric_std
Compiling architecture average_beh of entity xil_defaultlib.average [average_default]
Compiling architecture edge_beh of entity xil_defaultlib.edge [edge_default]
Compiling architecture average_tb_beh of entity xil_defaultlib.average_tb
Built simulation snapshot average_tb_behav
INFO: [USF-XSim-69] 'elaborate' step finished in '3' seconds
INFO: [USF-XSim-4] XSim::Simulate design
INFO: [USF-XSim-61] Executing 'SIMULATE' step in 'C:/Users/Maede/Desktop/FPGA_Final_project_Ghassab_Alizadeh/section2_fpga_final_ptoject/average_edge_filter/average_edge_filter.sim/sim_1/behav/xsim'
INFO: [USF-XSim-98] *** Running xsim
   with args "average_tb_behav -key {Behavioral:sim_1:Functional:average_tb} -tclbatch {average_tb.tcl} -view {C:/Users/Maede/Desktop/FPGA_Final_project_Ghassab_Alizadeh/section2_fpga_final_ptoject/average_edge_filter/average_tb_behav.wcfg} -log {simulate.log}"
INFO: [USF-XSim-8] Loading simulator feature
Vivado Simulator 2019.1
Time resolution is 1 ps
open_wave_config C:/Users/Maede/Desktop/FPGA_Final_project_Ghassab_Alizadeh/section2_fpga_final_ptoject/average_edge_filter/average_tb_behav.wcfg
source average_tb.tcl
# set curr_wave [current_wave_config]
# if { [string length $curr_wave] == 0 } {
#   if { [llength [get_objects]] > 0} {
#     add_wave /
#     set_property needs_save false [current_wave_config]
#   } else {
#      send_msg_id Add_Wave-1 WARNING "No top level signals found. Simulator will start without a wave window. If you want to open a wave window go to 'File->New Waveform Configuration' or type 'create_wave_config' in the TCL console."
#   }
# }
# run 1000ns
INFO: [USF-XSim-96] XSim completed. Design snapshot 'average_tb_behav' loaded.
INFO: [USF-XSim-97] XSim simulation ran for 1000ns
launch_simulation: Time (s): cpu = 00:00:04 ; elapsed = 00:00:08 . Memory (MB): peak = 868.727 ; gain = 0.000
close_sim
INFO: [Simtcl 6-16] Simulation closed
exit
INFO: [Common 17-206] Exiting Vivado at Tue Feb  9 19:15:57 2021...
